0 info it worked if it ends with ok
1 verbose cli [ 'C:\\Program Files\\nodejs\\node.exe',
1 verbose cli   'C:\\Program Files\\nodejs\\node_modules\\npm\\bin\\npm-cli.js',
1 verbose cli   'install',
1 verbose cli   'net-ping' ]
2 info using npm@3.5.0
3 info using node@v4.2.2
4 silly loadCurrentTree Starting
5 silly install loadCurrentTree
6 silly install readLocalPackageData
7 silly fetchPackageMetaData net-ping
8 silly fetchNamedPackageData net-ping
9 silly mapToRegistry name net-ping
10 silly mapToRegistry using default registry
11 silly mapToRegistry registry https://registry.npmjs.org/
12 silly mapToRegistry uri https://registry.npmjs.org/net-ping
13 verbose request uri https://registry.npmjs.org/net-ping
14 verbose request no auth needed
15 info attempt registry request try #1 at 2:47:44 PM
16 verbose request id fb1773cc0f86cce4
17 http request GET https://registry.npmjs.org/net-ping
18 http 200 https://registry.npmjs.org/net-ping
19 verbose headers { server: 'CouchDB/1.5.0 (Erlang OTP/R16B03)',
19 verbose headers   etag: '"64WSOE3DYWP8NNDHMBFIFWIXO"',
19 verbose headers   'content-type': 'application/json',
19 verbose headers   'cache-control': 'max-age=300',
19 verbose headers   'content-length': '38189',
19 verbose headers   'accept-ranges': 'bytes',
19 verbose headers   date: 'Thu, 24 Mar 2016 20:47:45 GMT',
19 verbose headers   via: '1.1 varnish',
19 verbose headers   age: '0',
19 verbose headers   connection: 'keep-alive',
19 verbose headers   'x-served-by': 'cache-ord1729-ORD',
19 verbose headers   'x-cache': 'MISS',
19 verbose headers   'x-cache-hits': '0',
19 verbose headers   'x-timer': 'S1458852465.430520,VS0,VE156',
19 verbose headers   vary: 'Accept' }
20 silly get cb [ 200,
20 silly get   { server: 'CouchDB/1.5.0 (Erlang OTP/R16B03)',
20 silly get     etag: '"64WSOE3DYWP8NNDHMBFIFWIXO"',
20 silly get     'content-type': 'application/json',
20 silly get     'cache-control': 'max-age=300',
20 silly get     'content-length': '38189',
20 silly get     'accept-ranges': 'bytes',
20 silly get     date: 'Thu, 24 Mar 2016 20:47:45 GMT',
20 silly get     via: '1.1 varnish',
20 silly get     age: '0',
20 silly get     connection: 'keep-alive',
20 silly get     'x-served-by': 'cache-ord1729-ORD',
20 silly get     'x-cache': 'MISS',
20 silly get     'x-cache-hits': '0',
20 silly get     'x-timer': 'S1458852465.430520,VS0,VE156',
20 silly get     vary: 'Accept' } ]
21 verbose get saving net-ping to C:\Users\Penny\AppData\Roaming\npm-cache\registry.npmjs.org\net-ping\.cache.json
22 silly install normalizeTree
23 silly loadCurrentTree Finishing
24 silly loadIdealTree Starting
25 silly install loadIdealTree
26 silly cloneCurrentTree Starting
27 silly install cloneCurrentTreeToIdealTree
28 silly cloneCurrentTree Finishing
29 silly loadShrinkwrap Starting
30 silly install loadShrinkwrap
31 silly loadShrinkwrap Finishing
32 silly loadAllDepsIntoIdealTree Starting
33 silly install loadAllDepsIntoIdealTree
34 silly resolveWithNewModule net-ping@1.2.0 checking installable status
35 silly cache add args [ 'net-ping', null ]
36 verbose cache add spec net-ping
37 silly cache add parsed spec Result {
37 silly cache add   raw: 'net-ping',
37 silly cache add   scope: null,
37 silly cache add   name: 'net-ping',
37 silly cache add   rawSpec: '',
37 silly cache add   spec: 'latest',
37 silly cache add   type: 'tag' }
38 silly addNamed net-ping@latest
39 verbose addNamed "latest" is being treated as a dist-tag for net-ping
40 info addNameTag [ 'net-ping', 'latest' ]
41 silly mapToRegistry name net-ping
42 silly mapToRegistry using default registry
43 silly mapToRegistry registry https://registry.npmjs.org/
44 silly mapToRegistry uri https://registry.npmjs.org/net-ping
45 verbose addNameTag registry:https://registry.npmjs.org/net-ping not in flight; fetching
46 verbose get https://registry.npmjs.org/net-ping not expired, no request
47 silly addNameTag next cb for net-ping with tag latest
48 silly addNamed net-ping@1.2.0
49 verbose addNamed "1.2.0" is a plain semver version for net-ping
50 silly mapToRegistry name net-ping
51 silly mapToRegistry using default registry
52 silly mapToRegistry registry https://registry.npmjs.org/
53 silly mapToRegistry uri https://registry.npmjs.org/net-ping
54 verbose addRemoteTarball https://registry.npmjs.org/net-ping/-/net-ping-1.2.0.tgz not in flight; adding
55 verbose addRemoteTarball [ 'https://registry.npmjs.org/net-ping/-/net-ping-1.2.0.tgz',
55 verbose addRemoteTarball   'bad1a2361a482884384e4e5ee6c4b6c33763529e' ]
56 info retry fetch attempt 1 at 2:47:45 PM
57 info attempt registry request try #1 at 2:47:45 PM
58 http fetch GET https://registry.npmjs.org/net-ping/-/net-ping-1.2.0.tgz
59 http fetch 200 https://registry.npmjs.org/net-ping/-/net-ping-1.2.0.tgz
60 silly fetchAndShaCheck shasum bad1a2361a482884384e4e5ee6c4b6c33763529e
61 verbose addTmpTarball C:\Users\Penny\AppData\Local\Temp\npm-22900-24af93ee\registry.npmjs.org\net-ping\-\net-ping-1.2.0.tgz not in flight; adding
62 verbose addTmpTarball already have metadata; skipping unpack for net-ping@1.2.0
63 silly cache afterAdd net-ping@1.2.0
64 verbose afterAdd C:\Users\Penny\AppData\Roaming\npm-cache\net-ping\1.2.0\package\package.json not in flight; writing
65 verbose afterAdd C:\Users\Penny\AppData\Roaming\npm-cache\net-ping\1.2.0\package\package.json written
66 silly fetchNamedPackageData raw-socket
67 silly mapToRegistry name raw-socket
68 silly mapToRegistry using default registry
69 silly mapToRegistry registry https://registry.npmjs.org/
70 silly mapToRegistry uri https://registry.npmjs.org/raw-socket
71 verbose request uri https://registry.npmjs.org/raw-socket
72 verbose request no auth needed
73 info attempt registry request try #1 at 2:47:45 PM
74 http request GET https://registry.npmjs.org/raw-socket
75 http 200 https://registry.npmjs.org/raw-socket
76 verbose headers { server: 'CouchDB/1.5.0 (Erlang OTP/R16B03)',
76 verbose headers   etag: '"EKT99ACKF08GPTWSBLL13SGFL"',
76 verbose headers   'content-type': 'application/json',
76 verbose headers   'cache-control': 'max-age=300',
76 verbose headers   'content-length': '48863',
76 verbose headers   'accept-ranges': 'bytes',
76 verbose headers   date: 'Thu, 24 Mar 2016 20:47:46 GMT',
76 verbose headers   via: '1.1 varnish',
76 verbose headers   age: '0',
76 verbose headers   connection: 'keep-alive',
76 verbose headers   'x-served-by': 'cache-ord1727-ORD',
76 verbose headers   'x-cache': 'MISS',
76 verbose headers   'x-cache-hits': '0',
76 verbose headers   'x-timer': 'S1458852466.261739,VS0,VE240',
76 verbose headers   vary: 'Accept' }
77 silly get cb [ 200,
77 silly get   { server: 'CouchDB/1.5.0 (Erlang OTP/R16B03)',
77 silly get     etag: '"EKT99ACKF08GPTWSBLL13SGFL"',
77 silly get     'content-type': 'application/json',
77 silly get     'cache-control': 'max-age=300',
77 silly get     'content-length': '48863',
77 silly get     'accept-ranges': 'bytes',
77 silly get     date: 'Thu, 24 Mar 2016 20:47:46 GMT',
77 silly get     via: '1.1 varnish',
77 silly get     age: '0',
77 silly get     connection: 'keep-alive',
77 silly get     'x-served-by': 'cache-ord1727-ORD',
77 silly get     'x-cache': 'MISS',
77 silly get     'x-cache-hits': '0',
77 silly get     'x-timer': 'S1458852466.261739,VS0,VE240',
77 silly get     vary: 'Accept' } ]
78 verbose get saving raw-socket to C:\Users\Penny\AppData\Roaming\npm-cache\registry.npmjs.org\raw-socket\.cache.json
79 silly resolveWithNewModule raw-socket@1.4.0 checking installable status
80 silly cache add args [ 'raw-socket@*', null ]
81 verbose cache add spec raw-socket@*
82 silly cache add parsed spec Result {
82 silly cache add   raw: 'raw-socket@*',
82 silly cache add   scope: null,
82 silly cache add   name: 'raw-socket',
82 silly cache add   rawSpec: '*',
82 silly cache add   spec: '*',
82 silly cache add   type: 'range' }
83 silly addNamed raw-socket@*
84 verbose addNamed "*" is a valid semver range for raw-socket
85 silly addNameRange { name: 'raw-socket', range: '*', hasData: false }
86 silly mapToRegistry name raw-socket
87 silly mapToRegistry using default registry
88 silly mapToRegistry registry https://registry.npmjs.org/
89 silly mapToRegistry uri https://registry.npmjs.org/raw-socket
90 verbose addNameRange registry:https://registry.npmjs.org/raw-socket not in flight; fetching
91 verbose get https://registry.npmjs.org/raw-socket not expired, no request
92 silly addNameRange number 2 { name: 'raw-socket', range: '*', hasData: true }
93 silly addNameRange versions [ 'raw-socket',
93 silly addNameRange   [ '1.0.0',
93 silly addNameRange     '1.0.1',
93 silly addNameRange     '1.0.2',
93 silly addNameRange     '1.1.0',
93 silly addNameRange     '1.1.1',
93 silly addNameRange     '1.1.2',
93 silly addNameRange     '1.1.3',
93 silly addNameRange     '1.1.4',
93 silly addNameRange     '1.1.5',
93 silly addNameRange     '1.1.6',
93 silly addNameRange     '1.1.7',
93 silly addNameRange     '1.2.0',
93 silly addNameRange     '1.2.1',
93 silly addNameRange     '1.2.2',
93 silly addNameRange     '1.3.0',
93 silly addNameRange     '1.3.1',
93 silly addNameRange     '1.3.2',
93 silly addNameRange     '1.3.3',
93 silly addNameRange     '1.4.0' ] ]
94 silly addNamed raw-socket@1.4.0
95 verbose addNamed "1.4.0" is a plain semver version for raw-socket
96 silly mapToRegistry name raw-socket
97 silly mapToRegistry using default registry
98 silly mapToRegistry registry https://registry.npmjs.org/
99 silly mapToRegistry uri https://registry.npmjs.org/raw-socket
100 verbose addRemoteTarball https://registry.npmjs.org/raw-socket/-/raw-socket-1.4.0.tgz not in flight; adding
101 verbose addRemoteTarball [ 'https://registry.npmjs.org/raw-socket/-/raw-socket-1.4.0.tgz',
101 verbose addRemoteTarball   '739c09259e5524d68024f0e13ea9e5e2702d2e8b' ]
102 info retry fetch attempt 1 at 2:47:46 PM
103 info attempt registry request try #1 at 2:47:46 PM
104 http fetch GET https://registry.npmjs.org/raw-socket/-/raw-socket-1.4.0.tgz
105 http fetch 200 https://registry.npmjs.org/raw-socket/-/raw-socket-1.4.0.tgz
106 silly fetchAndShaCheck shasum 739c09259e5524d68024f0e13ea9e5e2702d2e8b
107 verbose addTmpTarball C:\Users\Penny\AppData\Local\Temp\npm-22900-24af93ee\registry.npmjs.org\raw-socket\-\raw-socket-1.4.0.tgz not in flight; adding
108 verbose addTmpTarball already have metadata; skipping unpack for raw-socket@1.4.0
109 silly cache afterAdd raw-socket@1.4.0
110 verbose afterAdd C:\Users\Penny\AppData\Roaming\npm-cache\raw-socket\1.4.0\package\package.json not in flight; writing
111 verbose afterAdd C:\Users\Penny\AppData\Roaming\npm-cache\raw-socket\1.4.0\package\package.json written
112 silly fetchNamedPackageData nan
113 silly mapToRegistry name nan
114 silly mapToRegistry using default registry
115 silly mapToRegistry registry https://registry.npmjs.org/
116 silly mapToRegistry uri https://registry.npmjs.org/nan
117 verbose request uri https://registry.npmjs.org/nan
118 verbose request no auth needed
119 info attempt registry request try #1 at 2:47:46 PM
120 verbose etag "7Y2U1A5TWU1O0YTKGMD4FB8ZN"
121 http request GET https://registry.npmjs.org/nan
122 http 200 https://registry.npmjs.org/nan
123 verbose headers { server: 'CouchDB/1.5.0 (Erlang OTP/R16B03)',
123 verbose headers   etag: '"9GNMF0K57Y4H80QS1L4U9QND9"',
123 verbose headers   'content-type': 'application/json',
123 verbose headers   'cache-control': 'max-age=300',
123 verbose headers   'content-length': '102533',
123 verbose headers   'accept-ranges': 'bytes',
123 verbose headers   date: 'Thu, 24 Mar 2016 20:47:47 GMT',
123 verbose headers   via: '1.1 varnish',
123 verbose headers   age: '107',
123 verbose headers   connection: 'keep-alive',
123 verbose headers   'x-served-by': 'cache-ord1723-ORD',
123 verbose headers   'x-cache': 'HIT',
123 verbose headers   'x-cache-hits': '2',
123 verbose headers   'x-timer': 'S1458852467.049784,VS0,VE0',
123 verbose headers   vary: 'Accept' }
124 silly get cb [ 200,
124 silly get   { server: 'CouchDB/1.5.0 (Erlang OTP/R16B03)',
124 silly get     etag: '"9GNMF0K57Y4H80QS1L4U9QND9"',
124 silly get     'content-type': 'application/json',
124 silly get     'cache-control': 'max-age=300',
124 silly get     'content-length': '102533',
124 silly get     'accept-ranges': 'bytes',
124 silly get     date: 'Thu, 24 Mar 2016 20:47:47 GMT',
124 silly get     via: '1.1 varnish',
124 silly get     age: '107',
124 silly get     connection: 'keep-alive',
124 silly get     'x-served-by': 'cache-ord1723-ORD',
124 silly get     'x-cache': 'HIT',
124 silly get     'x-cache-hits': '2',
124 silly get     'x-timer': 'S1458852467.049784,VS0,VE0',
124 silly get     vary: 'Accept' } ]
125 verbose get saving nan to C:\Users\Penny\AppData\Roaming\npm-cache\registry.npmjs.org\nan\.cache.json
126 silly resolveWithNewModule nan@2.0.9 checking installable status
127 silly cache add args [ 'nan@2.0.*', null ]
128 verbose cache add spec nan@2.0.*
129 silly cache add parsed spec Result {
129 silly cache add   raw: 'nan@2.0.*',
129 silly cache add   scope: null,
129 silly cache add   name: 'nan',
129 silly cache add   rawSpec: '2.0.*',
129 silly cache add   spec: '>=2.0.0 <2.1.0',
129 silly cache add   type: 'range' }
130 silly addNamed nan@>=2.0.0 <2.1.0
131 verbose addNamed ">=2.0.0 <2.1.0" is a valid semver range for nan
132 silly addNameRange { name: 'nan', range: '>=2.0.0 <2.1.0', hasData: false }
133 silly mapToRegistry name nan
134 silly mapToRegistry using default registry
135 silly mapToRegistry registry https://registry.npmjs.org/
136 silly mapToRegistry uri https://registry.npmjs.org/nan
137 verbose addNameRange registry:https://registry.npmjs.org/nan not in flight; fetching
138 verbose get https://registry.npmjs.org/nan not expired, no request
139 silly addNameRange number 2 { name: 'nan', range: '>=2.0.0 <2.1.0', hasData: true }
140 silly addNameRange versions [ 'nan',
140 silly addNameRange   [ '0.3.0-wip',
140 silly addNameRange     '0.3.0-wip2',
140 silly addNameRange     '0.3.0',
140 silly addNameRange     '0.3.1',
140 silly addNameRange     '0.3.2',
140 silly addNameRange     '0.4.0',
140 silly addNameRange     '0.4.1',
140 silly addNameRange     '0.4.2',
140 silly addNameRange     '0.4.3',
140 silly addNameRange     '0.4.4',
140 silly addNameRange     '0.5.0',
140 silly addNameRange     '0.5.1',
140 silly addNameRange     '0.5.2',
140 silly addNameRange     '0.6.0',
140 silly addNameRange     '0.7.0',
140 silly addNameRange     '0.7.1',
140 silly addNameRange     '0.8.0',
140 silly addNameRange     '1.0.0',
140 silly addNameRange     '1.1.0',
140 silly addNameRange     '1.1.1',
140 silly addNameRange     '1.1.2',
140 silly addNameRange     '1.2.0',
140 silly addNameRange     '1.3.0',
140 silly addNameRange     '1.4.0',
140 silly addNameRange     '1.4.1',
140 silly addNameRange     '1.5.0',
140 silly addNameRange     '1.4.2',
140 silly addNameRange     '1.4.3',
140 silly addNameRange     '1.5.1',
140 silly addNameRange     '1.5.2',
140 silly addNameRange     '1.6.0',
140 silly addNameRange     '1.5.3',
140 silly addNameRange     '1.6.1',
140 silly addNameRange     '1.6.2',
140 silly addNameRange     '1.7.0',
140 silly addNameRange     '1.8.0',
140 silly addNameRange     '1.8.1',
140 silly addNameRange     '1.8.2',
140 silly addNameRange     '1.8.3',
140 silly addNameRange     '1.8.4',
140 silly addNameRange     '1.9.0',
140 silly addNameRange     '2.0.0',
140 silly addNameRange     '2.0.1',
140 silly addNameRange     '2.0.2',
140 silly addNameRange     '2.0.3',
140 silly addNameRange     '2.0.4',
140 silly addNameRange     '2.0.5',
140 silly addNameRange     '2.0.6',
140 silly addNameRange     '2.0.7',
140 silly addNameRange     '2.0.8',
140 silly addNameRange     '2.0.9',
140 silly addNameRange     '2.1.0',
140 silly addNameRange     '2.2.0' ] ]
141 silly addNamed nan@2.0.9
142 verbose addNamed "2.0.9" is a plain semver version for nan
143 silly mapToRegistry name nan
144 silly mapToRegistry using default registry
145 silly mapToRegistry registry https://registry.npmjs.org/
146 silly mapToRegistry uri https://registry.npmjs.org/nan
147 verbose addRemoteTarball https://registry.npmjs.org/nan/-/nan-2.0.9.tgz not in flight; adding
148 verbose addRemoteTarball [ 'https://registry.npmjs.org/nan/-/nan-2.0.9.tgz',
148 verbose addRemoteTarball   'd02a770f46778842cceb94e17cab31ffc7234a05' ]
149 info retry fetch attempt 1 at 2:47:46 PM
150 info attempt registry request try #1 at 2:47:46 PM
151 http fetch GET https://registry.npmjs.org/nan/-/nan-2.0.9.tgz
152 http fetch 200 https://registry.npmjs.org/nan/-/nan-2.0.9.tgz
153 silly fetchAndShaCheck shasum d02a770f46778842cceb94e17cab31ffc7234a05
154 verbose addTmpTarball C:\Users\Penny\AppData\Local\Temp\npm-22900-24af93ee\registry.npmjs.org\nan\-\nan-2.0.9.tgz not in flight; adding
155 verbose addTmpTarball already have metadata; skipping unpack for nan@2.0.9
156 silly cache afterAdd nan@2.0.9
157 verbose afterAdd C:\Users\Penny\AppData\Roaming\npm-cache\nan\2.0.9\package\package.json not in flight; writing
158 verbose afterAdd C:\Users\Penny\AppData\Roaming\npm-cache\nan\2.0.9\package\package.json written
159 silly loadAllDepsIntoIdealTree Finishing
160 silly idealTree:prePrune simple-port-scanner
160 silly idealTree:prePrune ├── nan@2.0.9
160 silly idealTree:prePrune ├── net-ping@1.2.0
160 silly idealTree:prePrune ├── q@1.4.1
160 silly idealTree:prePrune └── raw-socket@1.4.0
161 silly loadIdealTree Finishing
162 silly currentTree simple-port-scanner
162 silly currentTree └── q@1.4.1
163 silly idealTree simple-port-scanner
163 silly idealTree ├── nan@2.0.9
163 silly idealTree ├── net-ping@1.2.0
163 silly idealTree ├── q@1.4.1
163 silly idealTree └── raw-socket@1.4.0
164 silly generateActionsToTake Starting
165 silly install generateActionsToTake
166 silly generateActionsToTake Finishing
167 silly diffTrees action count 4
168 silly diffTrees add nan@2.0.9
169 silly diffTrees add raw-socket@1.4.0
170 silly diffTrees add net-ping@1.2.0
171 silly diffTrees update q@1.4.1
172 silly decomposeActions action count 32
173 silly decomposeActions fetch nan@2.0.9
174 silly decomposeActions extract nan@2.0.9
175 silly decomposeActions test nan@2.0.9
176 silly decomposeActions preinstall nan@2.0.9
177 silly decomposeActions build nan@2.0.9
178 silly decomposeActions install nan@2.0.9
179 silly decomposeActions postinstall nan@2.0.9
180 silly decomposeActions finalize nan@2.0.9
181 silly decomposeActions fetch raw-socket@1.4.0
182 silly decomposeActions extract raw-socket@1.4.0
183 silly decomposeActions test raw-socket@1.4.0
184 silly decomposeActions preinstall raw-socket@1.4.0
185 silly decomposeActions build raw-socket@1.4.0
186 silly decomposeActions install raw-socket@1.4.0
187 silly decomposeActions postinstall raw-socket@1.4.0
188 silly decomposeActions finalize raw-socket@1.4.0
189 silly decomposeActions fetch net-ping@1.2.0
190 silly decomposeActions extract net-ping@1.2.0
191 silly decomposeActions test net-ping@1.2.0
192 silly decomposeActions preinstall net-ping@1.2.0
193 silly decomposeActions build net-ping@1.2.0
194 silly decomposeActions install net-ping@1.2.0
195 silly decomposeActions postinstall net-ping@1.2.0
196 silly decomposeActions finalize net-ping@1.2.0
197 silly decomposeActions fetch q@1.4.1
198 silly decomposeActions extract q@1.4.1
199 silly decomposeActions test q@1.4.1
200 silly decomposeActions preinstall q@1.4.1
201 silly decomposeActions build q@1.4.1
202 silly decomposeActions install q@1.4.1
203 silly decomposeActions postinstall q@1.4.1
204 silly decomposeActions finalize q@1.4.1
205 silly executeActions Starting
206 silly install executeActions
207 silly doSerial global-install 0
208 silly doParallel fetch 4
209 verbose lock using C:\Users\Penny\AppData\Roaming\npm-cache\_locks\staging-0dcddf7c1a4e581d.lock for C:\Users\Penny\workspace\simple-port-scanner\node_modules\.staging
210 silly doParallel extract 4
211 silly extract nan@2.0.9
212 silly extract raw-socket@1.4.0
213 silly extract net-ping@1.2.0
214 silly extract q@1.4.1
215 verbose unbuild node_modules\.staging\nan-8fa36cfc5e3a94db3bc00ba71b117c8c
216 verbose unbuild node_modules\.staging\raw-socket-828ca3fb8adb191acf62f0b0fdc8d704
217 verbose unbuild node_modules\.staging\net-ping-7d45964e7838310d49850ecc4e653350
218 silly gentlyRm C:\Users\Penny\workspace\simple-port-scanner\node_modules\.staging\nan-8fa36cfc5e3a94db3bc00ba71b117c8c is being purged from base C:\Users\Penny\workspace\simple-port-scanner
219 verbose gentlyRm don't care about contents; nuking C:\Users\Penny\workspace\simple-port-scanner\node_modules\.staging\nan-8fa36cfc5e3a94db3bc00ba71b117c8c
220 silly gentlyRm C:\Users\Penny\workspace\simple-port-scanner\node_modules\.staging\raw-socket-828ca3fb8adb191acf62f0b0fdc8d704 is being purged from base C:\Users\Penny\workspace\simple-port-scanner
221 verbose gentlyRm don't care about contents; nuking C:\Users\Penny\workspace\simple-port-scanner\node_modules\.staging\raw-socket-828ca3fb8adb191acf62f0b0fdc8d704
222 silly gentlyRm C:\Users\Penny\workspace\simple-port-scanner\node_modules\.staging\net-ping-7d45964e7838310d49850ecc4e653350 is being purged from base C:\Users\Penny\workspace\simple-port-scanner
223 verbose gentlyRm don't care about contents; nuking C:\Users\Penny\workspace\simple-port-scanner\node_modules\.staging\net-ping-7d45964e7838310d49850ecc4e653350
224 verbose tar unpack C:\Users\Penny\AppData\Roaming\npm-cache\nan\2.0.9\package.tgz
225 verbose tar unpacking to C:\Users\Penny\workspace\simple-port-scanner\node_modules\.staging\nan-8fa36cfc5e3a94db3bc00ba71b117c8c
226 silly gentlyRm C:\Users\Penny\workspace\simple-port-scanner\node_modules\.staging\nan-8fa36cfc5e3a94db3bc00ba71b117c8c is being purged
227 verbose gentlyRm don't care about contents; nuking C:\Users\Penny\workspace\simple-port-scanner\node_modules\.staging\nan-8fa36cfc5e3a94db3bc00ba71b117c8c
228 verbose tar unpack C:\Users\Penny\AppData\Roaming\npm-cache\raw-socket\1.4.0\package.tgz
229 verbose tar unpacking to C:\Users\Penny\workspace\simple-port-scanner\node_modules\.staging\raw-socket-828ca3fb8adb191acf62f0b0fdc8d704
230 silly gentlyRm C:\Users\Penny\workspace\simple-port-scanner\node_modules\.staging\raw-socket-828ca3fb8adb191acf62f0b0fdc8d704 is being purged
231 verbose gentlyRm don't care about contents; nuking C:\Users\Penny\workspace\simple-port-scanner\node_modules\.staging\raw-socket-828ca3fb8adb191acf62f0b0fdc8d704
232 verbose tar unpack C:\Users\Penny\AppData\Roaming\npm-cache\net-ping\1.2.0\package.tgz
233 verbose tar unpacking to C:\Users\Penny\workspace\simple-port-scanner\node_modules\.staging\net-ping-7d45964e7838310d49850ecc4e653350
234 silly gentlyRm C:\Users\Penny\workspace\simple-port-scanner\node_modules\.staging\net-ping-7d45964e7838310d49850ecc4e653350 is being purged
235 verbose gentlyRm don't care about contents; nuking C:\Users\Penny\workspace\simple-port-scanner\node_modules\.staging\net-ping-7d45964e7838310d49850ecc4e653350
236 verbose unbuild node_modules\.staging\q-afc8c72e9596cecabfa72212685637ee
237 silly gunzTarPerm modes [ '777', '666' ]
238 silly gunzTarPerm modes [ '777', '666' ]
239 silly gunzTarPerm modes [ '777', '666' ]
240 silly gentlyRm C:\Users\Penny\workspace\simple-port-scanner\node_modules\.staging\q-afc8c72e9596cecabfa72212685637ee is being purged from base C:\Users\Penny\workspace\simple-port-scanner
241 verbose gentlyRm don't care about contents; nuking C:\Users\Penny\workspace\simple-port-scanner\node_modules\.staging\q-afc8c72e9596cecabfa72212685637ee
242 verbose tar unpack C:\Users\Penny\AppData\Roaming\npm-cache\q\1.4.1\package.tgz
243 verbose tar unpacking to C:\Users\Penny\workspace\simple-port-scanner\node_modules\.staging\q-afc8c72e9596cecabfa72212685637ee
244 silly gentlyRm C:\Users\Penny\workspace\simple-port-scanner\node_modules\.staging\q-afc8c72e9596cecabfa72212685637ee is being purged
245 verbose gentlyRm don't care about contents; nuking C:\Users\Penny\workspace\simple-port-scanner\node_modules\.staging\q-afc8c72e9596cecabfa72212685637ee
246 silly gunzTarPerm modes [ '777', '666' ]
247 silly gunzTarPerm extractEntry package.json
248 silly gunzTarPerm modified mode [ 'package.json', 436, 438 ]
249 silly gunzTarPerm extractEntry package.json
250 silly gunzTarPerm extractEntry package.json
251 silly gunzTarPerm extractEntry README.md
252 silly gunzTarPerm modified mode [ 'README.md', 436, 438 ]
253 silly gunzTarPerm extractEntry .npmignore
254 silly gunzTarPerm extractEntry README.md
255 silly gunzTarPerm extractEntry .npmignore
256 silly gunzTarPerm extractEntry README.md
257 silly gunzTarPerm extractEntry include_dirs.js
258 silly gunzTarPerm modified mode [ 'include_dirs.js', 436, 438 ]
259 silly gunzTarPerm extractEntry package.json
260 silly gunzTarPerm modified mode [ 'package.json', 420, 438 ]
261 silly gunzTarPerm extractEntry README.md
262 silly gunzTarPerm modified mode [ 'README.md', 420, 438 ]
263 silly gunzTarPerm extractEntry LICENSE
264 silly gunzTarPerm modified mode [ 'LICENSE', 420, 438 ]
265 silly gunzTarPerm extractEntry nan_converters.h
266 silly gunzTarPerm modified mode [ 'nan_converters.h', 436, 438 ]
267 silly gunzTarPerm extractEntry LICENSE.md
268 silly gunzTarPerm modified mode [ 'LICENSE.md', 436, 438 ]
269 silly gunzTarPerm extractEntry .dntrc
270 silly gunzTarPerm modified mode [ '.dntrc', 436, 438 ]
271 silly gunzTarPerm extractEntry appveyor.yml
272 silly gunzTarPerm modified mode [ 'appveyor.yml', 436, 438 ]
273 silly gunzTarPerm extractEntry index.js
274 silly gunzTarPerm extractEntry index.js
275 silly gunzTarPerm extractEntry q.js
276 silly gunzTarPerm modified mode [ 'q.js', 420, 438 ]
277 silly gunzTarPerm extractEntry queue.js
278 silly gunzTarPerm modified mode [ 'queue.js', 420, 438 ]
279 silly gunzTarPerm extractEntry CHANGES.md
280 silly gunzTarPerm modified mode [ 'CHANGES.md', 420, 438 ]
281 silly gunzTarPerm extractEntry example/ping-packet-size.js
282 silly gunzTarPerm extractEntry example/ping-response-time.js
283 silly gunzTarPerm extractEntry example/ping-retries-0.js
284 silly gunzTarPerm extractEntry doc/new.md
285 silly gunzTarPerm modified mode [ 'doc/new.md', 436, 438 ]
286 silly gunzTarPerm extractEntry doc/.build.sh
287 silly gunzTarPerm modified mode [ 'doc/.build.sh', 509, 511 ]
288 silly gunzTarPerm extractEntry example/ping-ttl.js
289 silly gunzTarPerm extractEntry binding.gyp
290 silly gunzTarPerm extractEntry example/create-checksum.js
291 silly gunzTarPerm extractEntry example/htonl.js
292 silly gunzTarPerm extractEntry example/htons.js
293 silly gunzTarPerm extractEntry doc/buffers.md
294 silly gunzTarPerm modified mode [ 'doc/buffers.md', 436, 438 ]
295 silly gunzTarPerm extractEntry doc/callback.md
296 silly gunzTarPerm modified mode [ 'doc/callback.md', 436, 438 ]
297 silly gunzTarPerm extractEntry example/ping.js
298 silly gunzTarPerm extractEntry example/ping6-ttl.js
299 silly gunzTarPerm extractEntry doc/converters.md
300 silly gunzTarPerm modified mode [ 'doc/converters.md', 436, 438 ]
301 silly gunzTarPerm extractEntry doc/errors.md
302 silly gunzTarPerm modified mode [ 'doc/errors.md', 436, 438 ]
303 silly gunzTarPerm extractEntry example/ntohl.js
304 silly gunzTarPerm extractEntry example/get-option.js
305 silly gunzTarPerm extractEntry doc/maybe_types.md
306 silly gunzTarPerm modified mode [ 'doc/maybe_types.md', 436, 438 ]
307 silly gunzTarPerm extractEntry doc/methods.md
308 silly gunzTarPerm modified mode [ 'doc/methods.md', 436, 438 ]
309 silly gunzTarPerm extractEntry example/ping6.js
310 silly gunzTarPerm extractEntry example/trace-route-max-hop-timeouts.js
311 silly gunzTarPerm extractEntry doc/asyncworker.md
312 silly gunzTarPerm modified mode [ 'doc/asyncworker.md', 436, 438 ]
313 silly gunzTarPerm extractEntry doc/node_misc.md
314 silly gunzTarPerm modified mode [ 'doc/node_misc.md', 436, 438 ]
315 silly gunzTarPerm extractEntry example/ping-no-ip-header.js
316 silly gunzTarPerm extractEntry example/ping-set-option-ip-ttl.js
317 silly gunzTarPerm extractEntry example/trace-route-start-ttl.js
318 silly gunzTarPerm extractEntry example/trace-route.js
319 silly gunzTarPerm extractEntry doc/persistent.md
320 silly gunzTarPerm modified mode [ 'doc/persistent.md', 436, 438 ]
321 silly gunzTarPerm extractEntry doc/scopes.md
322 silly gunzTarPerm modified mode [ 'doc/scopes.md', 436, 438 ]
323 silly gunzTarPerm extractEntry example/ping.js
324 silly gunzTarPerm extractEntry example/ping6-no-ip-header.js
325 silly gunzTarPerm extractEntry doc/script.md
326 silly gunzTarPerm modified mode [ 'doc/script.md', 436, 438 ]
327 silly gunzTarPerm extractEntry doc/string_bytes.md
328 silly gunzTarPerm modified mode [ 'doc/string_bytes.md', 436, 438 ]
329 silly gunzTarPerm extractEntry example/ping6.js
330 silly gunzTarPerm extractEntry example/ntohs.js
331 silly gunzTarPerm extractEntry doc/v8_internals.md
332 silly gunzTarPerm modified mode [ 'doc/v8_internals.md', 436, 438 ]
333 silly gunzTarPerm extractEntry doc/v8_misc.md
334 silly gunzTarPerm modified mode [ 'doc/v8_misc.md', 436, 438 ]
335 silly gunzTarPerm extractEntry src/raw.cc
336 silly gunzTarPerm extractEntry src/raw.h
337 silly gunzTarPerm extractEntry nan.h
338 silly gunzTarPerm modified mode [ 'nan.h', 436, 438 ]
339 silly gunzTarPerm extractEntry nan_callbacks.h
340 silly gunzTarPerm modified mode [ 'nan_callbacks.h', 436, 438 ]
341 silly gunzTarPerm extractEntry nan_callbacks_12_inl.h
342 silly gunzTarPerm modified mode [ 'nan_callbacks_12_inl.h', 436, 438 ]
343 silly gunzTarPerm extractEntry nan_callbacks_pre_12_inl.h
344 silly gunzTarPerm modified mode [ 'nan_callbacks_pre_12_inl.h', 436, 438 ]
345 silly gunzTarPerm extractEntry nan_converters_43_inl.h
346 silly gunzTarPerm modified mode [ 'nan_converters_43_inl.h', 436, 438 ]
347 silly gunzTarPerm extractEntry nan_converters_pre_43_inl.h
348 silly gunzTarPerm modified mode [ 'nan_converters_pre_43_inl.h', 436, 438 ]
349 silly gunzTarPerm extractEntry nan_implementation_12_inl.h
350 silly gunzTarPerm modified mode [ 'nan_implementation_12_inl.h', 436, 438 ]
351 silly gunzTarPerm extractEntry nan_implementation_pre_12_inl.h
352 silly gunzTarPerm modified mode [ 'nan_implementation_pre_12_inl.h', 436, 438 ]
353 silly gunzTarPerm extractEntry nan_maybe_43_inl.h
354 silly gunzTarPerm modified mode [ 'nan_maybe_43_inl.h', 436, 438 ]
355 silly gunzTarPerm extractEntry nan_maybe_pre_43_inl.h
356 silly gunzTarPerm modified mode [ 'nan_maybe_pre_43_inl.h', 436, 438 ]
357 silly gunzTarPerm extractEntry nan_new.h
358 silly gunzTarPerm modified mode [ 'nan_new.h', 436, 438 ]
359 silly gunzTarPerm extractEntry nan_object_wrap.h
360 silly gunzTarPerm modified mode [ 'nan_object_wrap.h', 436, 438 ]
361 silly gunzTarPerm extractEntry nan_persistent_12_inl.h
362 silly gunzTarPerm modified mode [ 'nan_persistent_12_inl.h', 436, 438 ]
363 silly gunzTarPerm extractEntry nan_persistent_pre_12_inl.h
364 silly gunzTarPerm modified mode [ 'nan_persistent_pre_12_inl.h', 436, 438 ]
365 silly gunzTarPerm extractEntry nan_string_bytes.h
366 silly gunzTarPerm modified mode [ 'nan_string_bytes.h', 436, 438 ]
367 silly gunzTarPerm extractEntry nan_weak.h
368 silly gunzTarPerm modified mode [ 'nan_weak.h', 436, 438 ]
369 silly gunzTarPerm extractEntry CHANGELOG.md
370 silly gunzTarPerm modified mode [ 'CHANGELOG.md', 436, 438 ]
371 silly gunzTarPerm extractEntry tools/package.json
372 silly gunzTarPerm modified mode [ 'tools/package.json', 436, 438 ]
373 silly gunzTarPerm extractEntry tools/README.md
374 silly gunzTarPerm modified mode [ 'tools/README.md', 436, 438 ]
375 silly gunzTarPerm extractEntry tools/1to2.js
376 silly gunzTarPerm modified mode [ 'tools/1to2.js', 509, 511 ]
377 silly gentlyRm C:\Users\Penny\workspace\simple-port-scanner\node_modules\.staging\q-afc8c72e9596cecabfa72212685637ee\node_modules is being purged
378 verbose gentlyRm don't care about contents; nuking C:\Users\Penny\workspace\simple-port-scanner\node_modules\.staging\q-afc8c72e9596cecabfa72212685637ee\node_modules
379 silly gentlyRm C:\Users\Penny\workspace\simple-port-scanner\node_modules\.staging\net-ping-7d45964e7838310d49850ecc4e653350\node_modules is being purged
380 verbose gentlyRm don't care about contents; nuking C:\Users\Penny\workspace\simple-port-scanner\node_modules\.staging\net-ping-7d45964e7838310d49850ecc4e653350\node_modules
381 silly gentlyRm C:\Users\Penny\workspace\simple-port-scanner\node_modules\.staging\raw-socket-828ca3fb8adb191acf62f0b0fdc8d704\node_modules is being purged
382 verbose gentlyRm don't care about contents; nuking C:\Users\Penny\workspace\simple-port-scanner\node_modules\.staging\raw-socket-828ca3fb8adb191acf62f0b0fdc8d704\node_modules
383 silly gentlyRm C:\Users\Penny\workspace\simple-port-scanner\node_modules\.staging\nan-8fa36cfc5e3a94db3bc00ba71b117c8c\node_modules is being purged
384 verbose gentlyRm don't care about contents; nuking C:\Users\Penny\workspace\simple-port-scanner\node_modules\.staging\nan-8fa36cfc5e3a94db3bc00ba71b117c8c\node_modules
385 silly doParallel preinstall 4
386 silly preinstall nan@2.0.9 C:\Users\Penny\workspace\simple-port-scanner\node_modules\.staging\nan-8fa36cfc5e3a94db3bc00ba71b117c8c
387 info lifecycle nan@2.0.9~preinstall: nan@2.0.9
388 silly preinstall raw-socket@1.4.0 C:\Users\Penny\workspace\simple-port-scanner\node_modules\.staging\raw-socket-828ca3fb8adb191acf62f0b0fdc8d704
389 info lifecycle raw-socket@1.4.0~preinstall: raw-socket@1.4.0
390 silly preinstall net-ping@1.2.0 C:\Users\Penny\workspace\simple-port-scanner\node_modules\.staging\net-ping-7d45964e7838310d49850ecc4e653350
391 info lifecycle net-ping@1.2.0~preinstall: net-ping@1.2.0
392 silly preinstall q@1.4.1 C:\Users\Penny\workspace\simple-port-scanner\node_modules\.staging\q-afc8c72e9596cecabfa72212685637ee
393 info lifecycle q@1.4.1~preinstall: q@1.4.1
394 silly lifecycle nan@2.0.9~preinstall: no script for preinstall, continuing
395 silly lifecycle raw-socket@1.4.0~preinstall: no script for preinstall, continuing
396 silly lifecycle net-ping@1.2.0~preinstall: no script for preinstall, continuing
397 silly lifecycle q@1.4.1~preinstall: no script for preinstall, continuing
398 silly doReverseSerial remove 0
399 silly doSerial move 0
400 silly doSerial finalize 4
401 silly finalize C:\Users\Penny\workspace\simple-port-scanner\node_modules\nan
402 silly finalize C:\Users\Penny\workspace\simple-port-scanner\node_modules\raw-socket
403 silly finalize C:\Users\Penny\workspace\simple-port-scanner\node_modules\net-ping
404 silly finalize C:\Users\Penny\workspace\simple-port-scanner\node_modules\q
405 silly doSerial build 4
406 silly build nan@2.0.9
407 info linkStuff nan@2.0.9
408 silly linkStuff nan@2.0.9 has C:\Users\Penny\workspace\simple-port-scanner\node_modules as its parent node_modules
409 verbose linkBins nan@2.0.9
410 verbose linkMans nan@2.0.9
411 silly build raw-socket@1.4.0
412 info linkStuff raw-socket@1.4.0
413 silly linkStuff raw-socket@1.4.0 has C:\Users\Penny\workspace\simple-port-scanner\node_modules as its parent node_modules
414 verbose linkBins raw-socket@1.4.0
415 verbose linkMans raw-socket@1.4.0
416 silly build net-ping@1.2.0
417 info linkStuff net-ping@1.2.0
418 silly linkStuff net-ping@1.2.0 has C:\Users\Penny\workspace\simple-port-scanner\node_modules as its parent node_modules
419 verbose linkBins net-ping@1.2.0
420 verbose linkMans net-ping@1.2.0
421 silly build q@1.4.1
422 info linkStuff q@1.4.1
423 silly linkStuff q@1.4.1 has C:\Users\Penny\workspace\simple-port-scanner\node_modules as its parent node_modules
424 verbose linkBins q@1.4.1
425 verbose linkMans q@1.4.1
426 silly doSerial global-link 0
427 silly doParallel update-linked 0
428 silly doSerial install 4
429 silly install nan@2.0.9 C:\Users\Penny\workspace\simple-port-scanner\node_modules\.staging\nan-8fa36cfc5e3a94db3bc00ba71b117c8c
430 info lifecycle nan@2.0.9~install: nan@2.0.9
431 silly lifecycle nan@2.0.9~install: no script for install, continuing
432 silly install raw-socket@1.4.0 C:\Users\Penny\workspace\simple-port-scanner\node_modules\.staging\raw-socket-828ca3fb8adb191acf62f0b0fdc8d704
433 info lifecycle raw-socket@1.4.0~install: raw-socket@1.4.0
434 verbose lifecycle raw-socket@1.4.0~install: unsafe-perm in lifecycle true
435 verbose lifecycle raw-socket@1.4.0~install: PATH: C:\Program Files\nodejs\node_modules\npm\bin\node-gyp-bin;C:\Users\Penny\workspace\simple-port-scanner\node_modules\raw-socket\node_modules\.bin;C:\Users\Penny\workspace\simple-port-scanner\node_modules\.bin;C:\Users\Penny\bin;C:\Program Files\Git\mingw64\bin;C:\Program Files\Git\usr\local\bin;C:\Program Files\Git\usr\bin;C:\Program Files\Git\usr\bin;C:\Program Files\Git\mingw64\bin;C:\Program Files\Git\usr\bin;C:\Users\Penny\bin;C:\Python27;C:\Python27\Scripts;C:\WINDOWS\system32;C:\WINDOWS;C:\WINDOWS\System32\Wbem;C:\WINDOWS\System32\WindowsPowerShell\v1.0;C:\Users\Penny\.dnx\bin;C:\Program Files\Microsoft DNX\Dnvm;C:\Program Files (x86)\Windows Live\Shared;C:\Program Files\nodejs;C:\ProgramData\chocolatey\bin;C:\Program Files (x86)\Skype\Phone;C:\WINDOWS\system32;C:\WINDOWS;C:\WINDOWS\System32\Wbem;C:\WINDOWS\System32\WindowsPowerShell\v1.0;C:\Users\Penny\Anaconda2;C:\Users\Penny\Anaconda2\Scripts;C:\Users\Penny\Anaconda2\Library\bin;C:\Users\Penny\AppData\Local\Programs\Python\Python35-32\Scripts;C:\Users\Penny\AppData\Local\Programs\Python\Python35-32;C:\Program Files (x86)\Nmap;C:\Users\Penny\AppData\Roaming\npm;C:\Program Files\Java\jdk1.7.0_80\bin;C:\PROGRA~2\Oracle\VirtualBox;C:\Program Files\Git\usr\bin\vendor_perl;C:\Program Files\Git\usr\bin\core_perl
436 verbose lifecycle raw-socket@1.4.0~install: CWD: C:\Users\Penny\workspace\simple-port-scanner\node_modules\raw-socket
437 silly lifecycle raw-socket@1.4.0~install: Args: [ '/d /s /c', 'node-gyp rebuild' ]
438 silly lifecycle raw-socket@1.4.0~install: Returned: code: 1  signal: null
439 info lifecycle raw-socket@1.4.0~install: Failed to exec install script
440 verbose unlock done using C:\Users\Penny\AppData\Roaming\npm-cache\_locks\staging-0dcddf7c1a4e581d.lock for C:\Users\Penny\workspace\simple-port-scanner\node_modules\.staging
441 silly rollbackFailedOptional Starting
442 silly rollbackFailedOptional Finishing
443 silly runTopLevelLifecycles Starting
444 silly runTopLevelLifecycles Finishing
445 silly install printInstalled
446 warn enoent ENOENT: no such file or directory, open 'C:\Users\Penny\workspace\simple-port-scanner\package.json'
447 warn simple-port-scanner No description
448 warn simple-port-scanner No repository field.
449 warn simple-port-scanner No README data
450 warn simple-port-scanner No license field.
451 verbose stack Error: raw-socket@1.4.0 install: `node-gyp rebuild`
451 verbose stack Exit status 1
451 verbose stack     at EventEmitter.<anonymous> (C:\Program Files\nodejs\node_modules\npm\lib\utils\lifecycle.js:232:16)
451 verbose stack     at emitTwo (events.js:87:13)
451 verbose stack     at EventEmitter.emit (events.js:172:7)
451 verbose stack     at ChildProcess.<anonymous> (C:\Program Files\nodejs\node_modules\npm\lib\utils\spawn.js:24:14)
451 verbose stack     at emitTwo (events.js:87:13)
451 verbose stack     at ChildProcess.emit (events.js:172:7)
451 verbose stack     at maybeClose (internal/child_process.js:818:16)
451 verbose stack     at Process.ChildProcess._handle.onexit (internal/child_process.js:211:5)
452 verbose pkgid raw-socket@1.4.0
453 verbose cwd C:\Users\Penny\workspace\simple-port-scanner
454 error Windows_NT 10.0.14291
455 error argv "C:\\Program Files\\nodejs\\node.exe" "C:\\Program Files\\nodejs\\node_modules\\npm\\bin\\npm-cli.js" "install" "net-ping"
456 error node v4.2.2
457 error npm  v3.5.0
458 error code ELIFECYCLE
459 error raw-socket@1.4.0 install: `node-gyp rebuild`
459 error Exit status 1
460 error Failed at the raw-socket@1.4.0 install script 'node-gyp rebuild'.
460 error Make sure you have the latest version of node.js and npm installed.
460 error If you do, this is most likely a problem with the raw-socket package,
460 error not with npm itself.
460 error Tell the author that this fails on your system:
460 error     node-gyp rebuild
460 error You can get their info via:
460 error     npm owner ls raw-socket
460 error There is likely additional logging output above.
461 verbose exit [ 1, true ]
